<?xml version="1.0" encoding="UTF-8"?>
<!-- Generated by org.testng.reporters.JUnitReportReporter -->
<testsuite hostname="DESKTOP-PTOCE9C" failures="0" tests="1" name="TestNG.CHardAssertion" time="9.826" errors="0" timestamp="2023-11-27T16:14:12 IST" skipped="0">
  <testcase classname="TestNG.CHardAssertion" name="test" time="9.826"/>
  <system-out/>
</testsuite> <!-- TestNG.CHardAssertion -->
