<?xml version="1.0" encoding="UTF-8"?>
<!-- Generated by org.testng.reporters.JUnitReportReporter -->
<testsuite hostname="DESKTOP-PTOCE9C" failures="0" tests="4" name="TestNG.B" time="46.078" errors="0" timestamp="2023-11-27T16:02:23 IST" skipped="0">
  <testcase classname="TestNG.B" name="Login" time="9.767"/>
  <system-out/>
  <testcase classname="TestNG.B" name="MyInfoTap" time="16.118"/>
  <system-out/>
  <testcase classname="TestNG.B" name="Login" time="9.056"/>
  <system-out/>
  <testcase classname="TestNG.B" name="LaunchApp" time="11.137"/>
  <system-out/>
</testsuite> <!-- TestNG.B -->
