<?xml version="1.0" encoding="UTF-8"?>
<!-- Generated by org.testng.reporters.JUnitReportReporter -->
<testsuite hostname="DESKTOP-PTOCE9C" failures="0" tests="2" name="HYRtestNG.TC3" time="10.900" errors="0" timestamp="2023-11-02T13:57:43 IST" skipped="0">
  <testcase classname="HYRtestNG.TC3" name="TestFacebook" time="2.656"/>
  <system-out/>
  <testcase classname="HYRtestNG.TC3" name="TestGoogle" time="8.244"/>
  <system-out/>
</testsuite> <!-- HYRtestNG.TC3 -->
