<?xml version="1.0" encoding="UTF-8"?>
<!-- Generated by org.testng.reporters.JUnitReportReporter -->
<testsuite hostname="DESKTOP-PTOCE9C" failures="0" tests="2" name="TestNG.c" time="6.901" errors="0" timestamp="2023-11-27T14:21:30 IST" skipped="0">
  <testcase classname="TestNG.c" name="testGoogle" time="4.471"/>
  <system-out/>
  <testcase classname="TestNG.c" name="testfb" time="2.430"/>
  <system-out/>
</testsuite> <!-- TestNG.c -->
