<?xml version="1.0" encoding="UTF-8"?>
<!-- Generated by org.testng.reporters.JUnitReportReporter -->
<testsuite hostname="DESKTOP-PTOCE9C" failures="0" tests="5" name="TestNG.E" time="0.030" errors="0" timestamp="2023-11-28T11:45:45 IST" skipped="0">
  <testcase classname="TestNG.E" name="test1111" time="0.003"/>
  <system-out/>
  <testcase classname="TestNG.E" name="test1" time="0.018"/>
  <system-out/>
  <testcase classname="TestNG.E" name="test111" time="0.003"/>
  <system-out/>
  <testcase classname="TestNG.E" name="test1" time="0.004"/>
  <system-out/>
  <testcase classname="TestNG.E" name="test11" time="0.002"/>
  <system-out/>
</testsuite> <!-- TestNG.E -->
