<?xml version="1.0" encoding="UTF-8"?>
<!-- Generated by org.testng.reporters.JUnitReportReporter -->
<testsuite hostname="DESKTOP-PTOCE9C" failures="0" tests="2" name="TestNG.F" time="0.005" errors="0" timestamp="2023-11-28T11:33:51 IST" skipped="0">
  <testcase classname="TestNG.F" name="test22" time="0.002"/>
  <system-out/>
  <testcase classname="TestNG.F" name="test2" time="0.003"/>
  <system-out/>
</testsuite> <!-- TestNG.F -->
